FileLibrary/build/intermediates/manifest_merge_blame_file/debug/manifest-merger-blame-debug-report.txt
1<?xml version="1.0" encoding="utf-8"?>
2<manifest xmlns:android="http://schemas.android.com/apk/res/android"
3    xmlns:tools="http://schemas.android.com/tools"
4    package="com.filelibrary"
5    android:versionCode="1"
6    android:versionName="1.0" >
7
8    <uses-sdk
9        android:minSdkVersion="21"
9-->src\main\AndroidManifest.xml
10        android:targetSdkVersion="28" />
10-->src\main\AndroidManifest.xml
11
12    <uses-permission android:name="android.permission.CAMERA" />
12-->src\main\AndroidManifest.xml:4:5-64
12-->src\main\AndroidManifest.xml:4:22-62
13    <uses-permission android:name="android.permission.WRITE_EXTERNAL_STORAGE" />
13-->src\main\AndroidManifest.xml:5:5-81
13-->src\main\AndroidManifest.xml:5:22-78
14    <uses-permission android:name="android.permission.READ_EXTERNAL_STORAGE" />
14-->src\main\AndroidManifest.xml:6:5-80
14-->src\main\AndroidManifest.xml:6:22-77
15
16    <application
16-->src\main\AndroidManifest.xml:7:5-23:15
17        android:allowBackup="true"
17-->src\main\AndroidManifest.xml:8:9-35
18        android:label="@string/app_name"
18-->src\main\AndroidManifest.xml:9:9-41
19        android:supportsRtl="true"
19-->src\main\AndroidManifest.xml:10:9-35
20        tools:ignore="GoogleAppIndexingWarning" >
20-->src\main\AndroidManifest.xml:11:9-48
21        <activity
21-->src\main\AndroidManifest.xml:12:5-13:54
22            android:name="cropper.CropImageActivity"
22-->src\main\AndroidManifest.xml:12:15-55
23            android:theme="@style/Base.Theme.AppCompat" />
23-->src\main\AndroidManifest.xml:13:9-52
24
25        <provider
25-->src\main\AndroidManifest.xml:14:9-22:20
26            android:name="androidx.core.content.FileProvider"
26-->src\main\AndroidManifest.xml:15:13-62
27            android:authorities="dollar_openBracket_applicationId_closeBracket.file_library_provider"
27-->src\main\AndroidManifest.xml:16:13-73
28            android:exported="false"
28-->src\main\AndroidManifest.xml:18:13-37
29            android:grantUriPermissions="true" >
29-->src\main\AndroidManifest.xml:17:13-47
30            <meta-data
30-->src\main\AndroidManifest.xml:19:13-21:54
31                android:name="android.support.FILE_PROVIDER_PATHS"
31-->src\main\AndroidManifest.xml:20:17-67
32                android:resource="@xml/file_paths" />
32-->src\main\AndroidManifest.xml:21:17-51
33        </provider>
34    </application>
35
36</manifest>